Analysis & Synthesis report for FPGA_EXP3
Fri Oct 14 16:36:00 2022
Quartus II 64-Bit Version 13.0.1 Build 232 06/12/2013 Service Pack 1 SJ Full Version


---------------------
; Table of Contents ;
---------------------
  1. Legal Notice
  2. Analysis & Synthesis Summary
  3. Analysis & Synthesis Settings
  4. Parallel Compilation
  5. Analysis & Synthesis Source Files Read
  6. Analysis & Synthesis Resource Usage Summary
  7. Analysis & Synthesis Resource Utilization by Entity
  8. State Machine - |FPGA_EXP3|seq_detector:u4|st
  9. State Machine - |FPGA_EXP3|seq_gen2:u2|st
 10. State Machine - |FPGA_EXP3|seq_gen1:u1|st
 11. Registers Removed During Synthesis
 12. General Register Statistics
 13. Elapsed Time Per Partition
 14. Analysis & Synthesis Messages



----------------
; Legal Notice ;
----------------
Copyright (C) 1991-2013 Altera Corporation
Your use of Altera Corporation's design tools, logic functions 
and other software and tools, and its AMPP partner logic 
functions, and any output files from any of the foregoing 
(including device programming or simulation files), and any 
associated documentation or information are expressly subject 
to the terms and conditions of the Altera Program License 
Subscription Agreement, Altera MegaCore Function License 
Agreement, or other applicable license agreement, including, 
without limitation, that your use is for the sole purpose of 
programming logic devices manufactured by Altera and sold by 
Altera or its authorized distributors.  Please refer to the 
applicable agreement for further details.



+----------------------------------------------------------------------------------------+
; Analysis & Synthesis Summary                                                           ;
+-------------------------------------+--------------------------------------------------+
; Analysis & Synthesis Status         ; Successful - Fri Oct 14 16:36:00 2022            ;
; Quartus II 64-Bit Version           ; 13.0.1 Build 232 06/12/2013 SP 1 SJ Full Version ;
; Revision Name                       ; FPGA_EXP3                                        ;
; Top-level Entity Name               ; FPGA_EXP3                                        ;
; Family                              ; Cyclone V                                        ;
; Logic utilization (in ALMs)         ; N/A                                              ;
; Total registers                     ; 51                                               ;
; Total pins                          ; 5                                                ;
; Total virtual pins                  ; 0                                                ;
; Total block memory bits             ; 0                                                ;
; Total DSP Blocks                    ; 0                                                ;
; Total HSSI RX PCSs                  ; 0                                                ;
; Total HSSI PMA RX Deserializers     ; 0                                                ;
; Total HSSI PMA RX ATT Deserializers ; 0                                                ;
; Total HSSI TX PCSs                  ; 0                                                ;
; Total HSSI PMA TX Serializers       ; 0                                                ;
; Total HSSI PMA TX ATT Serializers   ; 0                                                ;
; Total PLLs                          ; 0                                                ;
; Total DLLs                          ; 0                                                ;
+-------------------------------------+--------------------------------------------------+


+---------------------------------------------------------------------------------------------------------------------------+
; Analysis & Synthesis Settings                                                                                             ;
+---------------------------------------------------------------------------------+--------------------+--------------------+
; Option                                                                          ; Setting            ; Default Value      ;
+---------------------------------------------------------------------------------+--------------------+--------------------+
; Device                                                                          ; 5CEFA2F23C8        ;                    ;
; Top-level entity name                                                           ; FPGA_EXP3          ; FPGA_EXP3          ;
; Family name                                                                     ; Cyclone V          ; Cyclone IV GX      ;
; Use smart compilation                                                           ; Off                ; Off                ;
; Enable parallel Assembler and TimeQuest Timing Analyzer during compilation      ; On                 ; On                 ;
; Enable compact report table                                                     ; Off                ; Off                ;
; Restructure Multiplexers                                                        ; Auto               ; Auto               ;
; MLAB Add Timing Constraints For Mixed-Port Feed-Through Mode Setting Don't Care ; Off                ; Off                ;
; Create Debugging Nodes for IP Cores                                             ; Off                ; Off                ;
; Preserve fewer node names                                                       ; On                 ; On                 ;
; Disable OpenCore Plus hardware evaluation                                       ; Off                ; Off                ;
; Verilog Version                                                                 ; Verilog_2001       ; Verilog_2001       ;
; VHDL Version                                                                    ; VHDL_1993          ; VHDL_1993          ;
; State Machine Processing                                                        ; Auto               ; Auto               ;
; Safe State Machine                                                              ; Off                ; Off                ;
; Extract Verilog State Machines                                                  ; On                 ; On                 ;
; Extract VHDL State Machines                                                     ; On                 ; On                 ;
; Ignore Verilog initial constructs                                               ; Off                ; Off                ;
; Iteration limit for constant Verilog loops                                      ; 5000               ; 5000               ;
; Iteration limit for non-constant Verilog loops                                  ; 250                ; 250                ;
; Add Pass-Through Logic to Inferred RAMs                                         ; On                 ; On                 ;
; Infer RAMs from Raw Logic                                                       ; On                 ; On                 ;
; Parallel Synthesis                                                              ; On                 ; On                 ;
; DSP Block Balancing                                                             ; Auto               ; Auto               ;
; NOT Gate Push-Back                                                              ; On                 ; On                 ;
; Power-Up Don't Care                                                             ; On                 ; On                 ;
; Remove Redundant Logic Cells                                                    ; Off                ; Off                ;
; Remove Duplicate Registers                                                      ; On                 ; On                 ;
; Ignore CARRY Buffers                                                            ; Off                ; Off                ;
; Ignore CASCADE Buffers                                                          ; Off                ; Off                ;
; Ignore GLOBAL Buffers                                                           ; Off                ; Off                ;
; Ignore ROW GLOBAL Buffers                                                       ; Off                ; Off                ;
; Ignore LCELL Buffers                                                            ; Off                ; Off                ;
; Ignore SOFT Buffers                                                             ; On                 ; On                 ;
; Limit AHDL Integers to 32 Bits                                                  ; Off                ; Off                ;
; Optimization Technique                                                          ; Balanced           ; Balanced           ;
; Carry Chain Length                                                              ; 70                 ; 70                 ;
; Auto Carry Chains                                                               ; On                 ; On                 ;
; Auto Open-Drain Pins                                                            ; On                 ; On                 ;
; Perform WYSIWYG Primitive Resynthesis                                           ; Off                ; Off                ;
; Auto ROM Replacement                                                            ; On                 ; On                 ;
; Auto RAM Replacement                                                            ; On                 ; On                 ;
; Auto DSP Block Replacement                                                      ; On                 ; On                 ;
; Auto Shift Register Replacement                                                 ; Auto               ; Auto               ;
; Allow Shift Register Merging across Hierarchies                                 ; Auto               ; Auto               ;
; Auto Clock Enable Replacement                                                   ; On                 ; On                 ;
; Strict RAM Replacement                                                          ; Off                ; Off                ;
; Allow Synchronous Control Signals                                               ; On                 ; On                 ;
; Force Use of Synchronous Clear Signals                                          ; Off                ; Off                ;
; Auto Resource Sharing                                                           ; Off                ; Off                ;
; Allow Any RAM Size For Recognition                                              ; Off                ; Off                ;
; Allow Any ROM Size For Recognition                                              ; Off                ; Off                ;
; Allow Any Shift Register Size For Recognition                                   ; Off                ; Off                ;
; Use LogicLock Constraints during Resource Balancing                             ; On                 ; On                 ;
; Ignore translate_off and synthesis_off directives                               ; Off                ; Off                ;
; Timing-Driven Synthesis                                                         ; On                 ; On                 ;
; Report Parameter Settings                                                       ; On                 ; On                 ;
; Report Source Assignments                                                       ; On                 ; On                 ;
; Report Connectivity Checks                                                      ; On                 ; On                 ;
; Ignore Maximum Fan-Out Assignments                                              ; Off                ; Off                ;
; Synchronization Register Chain Length                                           ; 3                  ; 3                  ;
; PowerPlay Power Optimization                                                    ; Normal compilation ; Normal compilation ;
; HDL message level                                                               ; Level2             ; Level2             ;
; Suppress Register Optimization Related Messages                                 ; Off                ; Off                ;
; Number of Removed Registers Reported in Synthesis Report                        ; 5000               ; 5000               ;
; Number of Swept Nodes Reported in Synthesis Report                              ; 5000               ; 5000               ;
; Number of Inverted Registers Reported in Synthesis Report                       ; 100                ; 100                ;
; Clock MUX Protection                                                            ; On                 ; On                 ;
; Auto Gated Clock Conversion                                                     ; Off                ; Off                ;
; Block Design Naming                                                             ; Auto               ; Auto               ;
; SDC constraint protection                                                       ; Off                ; Off                ;
; Synthesis Effort                                                                ; Auto               ; Auto               ;
; Shift Register Replacement - Allow Asynchronous Clear Signal                    ; On                 ; On                 ;
; Pre-Mapping Resynthesis Optimization                                            ; Off                ; Off                ;
; Analysis & Synthesis Message Level                                              ; Medium             ; Medium             ;
; Disable Register Merging Across Hierarchies                                     ; Auto               ; Auto               ;
; Resource Aware Inference For Block RAM                                          ; On                 ; On                 ;
; Synthesis Seed                                                                  ; 1                  ; 1                  ;
; Automatic Parallel Synthesis                                                    ; Off                ; Off                ;
+---------------------------------------------------------------------------------+--------------------+--------------------+


+------------------------------------------+
; Parallel Compilation                     ;
+----------------------------+-------------+
; Processors                 ; Number      ;
+----------------------------+-------------+
; Number detected on machine ; 8           ;
; Maximum allowed            ; 4           ;
;                            ;             ;
; Average used               ; 1.00        ;
; Maximum used               ; 1           ;
;                            ;             ;
; Usage by Processor         ; % Time Used ;
;     Processor 1            ; 100.0%      ;
;     Processors 2-8         ;   0.0%      ;
+----------------------------+-------------+


+-------------------------------------------------------------------------------------------------------------------------+
; Analysis & Synthesis Source Files Read                                                                                  ;
+----------------------------------+-----------------+-----------------+----------------------------------------+---------+
; File Name with User-Entered Path ; Used in Netlist ; File Type       ; File Name with Absolute Path           ; Library ;
+----------------------------------+-----------------+-----------------+----------------------------------------+---------+
; seq_gen1.vhd                     ; yes             ; User VHDL File  ; D:/FPGA_EXP/FPGA_EXP3/seq_gen1.vhd     ;         ;
; seq_gen2.vhd                     ; yes             ; User VHDL File  ; D:/FPGA_EXP/FPGA_EXP3/seq_gen2.vhd     ;         ;
; selector.vhd                     ; yes             ; User VHDL File  ; D:/FPGA_EXP/FPGA_EXP3/selector.vhd     ;         ;
; seq_detector.vhd                 ; yes             ; User VHDL File  ; D:/FPGA_EXP/FPGA_EXP3/seq_detector.vhd ;         ;
; FPGA_EXP3.vhd                    ; yes             ; User VHDL File  ; D:/FPGA_EXP/FPGA_EXP3/FPGA_EXP3.vhd    ;         ;
; FD.vhd                           ; yes             ; User VHDL File  ; D:/FPGA_EXP/FPGA_EXP3/FD.vhd           ;         ;
+----------------------------------+-----------------+-----------------+----------------------------------------+---------+


+------------------------------------------------------------+
; Analysis & Synthesis Resource Usage Summary                ;
+---------------------------------------------+--------------+
; Resource                                    ; Usage        ;
+---------------------------------------------+--------------+
; Estimate of Logic utilization (ALMs needed) ; 33           ;
;                                             ;              ;
; Combinational ALUT usage for logic          ; 55           ;
;     -- 7 input functions                    ; 0            ;
;     -- 6 input functions                    ; 8            ;
;     -- 5 input functions                    ; 7            ;
;     -- 4 input functions                    ; 10           ;
;     -- <=3 input functions                  ; 30           ;
;                                             ;              ;
; Dedicated logic registers                   ; 51           ;
;                                             ;              ;
; I/O pins                                    ; 5            ;
; Total DSP Blocks                            ; 0            ;
; Maximum fan-out node                        ; FD:u5|newclk ;
; Maximum fan-out                             ; 26           ;
; Total fan-out                               ; 341          ;
; Average fan-out                             ; 2.94         ;
+---------------------------------------------+--------------+


+------------------------------------------------------------------------------------------------------------------------------------------------------------------+
; Analysis & Synthesis Resource Utilization by Entity                                                                                                              ;
+----------------------------+-------------------+--------------+-------------------+------------+------+--------------+----------------------------+--------------+
; Compilation Hierarchy Node ; LC Combinationals ; LC Registers ; Block Memory Bits ; DSP Blocks ; Pins ; Virtual Pins ; Full Hierarchy Name        ; Library Name ;
+----------------------------+-------------------+--------------+-------------------+------------+------+--------------+----------------------------+--------------+
; |FPGA_EXP3                 ; 55 (0)            ; 51 (0)       ; 0                 ; 0          ; 5    ; 0            ; |FPGA_EXP3                 ; work         ;
;    |FD:u5|                 ; 36 (36)           ; 26 (26)      ; 0                 ; 0          ; 0    ; 0            ; |FPGA_EXP3|FD:u5           ; work         ;
;    |selector:u3|           ; 5 (5)             ; 0 (0)        ; 0                 ; 0          ; 0    ; 0            ; |FPGA_EXP3|selector:u3     ; work         ;
;    |seq_detector:u4|       ; 12 (12)           ; 10 (10)      ; 0                 ; 0          ; 0    ; 0            ; |FPGA_EXP3|seq_detector:u4 ; work         ;
;    |seq_gen1:u1|           ; 2 (2)             ; 15 (15)      ; 0                 ; 0          ; 0    ; 0            ; |FPGA_EXP3|seq_gen1:u1     ; work         ;
+----------------------------+-------------------+--------------+-------------------+------------+------+--------------+----------------------------+--------------+
Note: For table entries with two numbers listed, the numbers in parentheses indicate the number of resources of the given type used by the specific entity alone. The numbers listed outside of parentheses indicate the total resources of the given type used by the specific entity and all of its sub-entities in the hierarchy.


Encoding Type:  One-Hot
+---------------------------------------------------------------------------------------+
; State Machine - |FPGA_EXP3|seq_detector:u4|st                                         ;
+-------+-------+-------+-------+-------+-------+-------+-------+-------+-------+-------+
; Name  ; st.s9 ; st.s8 ; st.s7 ; st.s6 ; st.s5 ; st.s4 ; st.s3 ; st.s2 ; st.s1 ; st.s0 ;
+-------+-------+-------+-------+-------+-------+-------+-------+-------+-------+-------+
; st.s0 ; 0     ; 0     ; 0     ; 0     ; 0     ; 0     ; 0     ; 0     ; 0     ; 0     ;
; st.s1 ; 0     ; 0     ; 0     ; 0     ; 0     ; 0     ; 0     ; 0     ; 1     ; 1     ;
; st.s2 ; 0     ; 0     ; 0     ; 0     ; 0     ; 0     ; 0     ; 1     ; 0     ; 1     ;
; st.s3 ; 0     ; 0     ; 0     ; 0     ; 0     ; 0     ; 1     ; 0     ; 0     ; 1     ;
; st.s4 ; 0     ; 0     ; 0     ; 0     ; 0     ; 1     ; 0     ; 0     ; 0     ; 1     ;
; st.s5 ; 0     ; 0     ; 0     ; 0     ; 1     ; 0     ; 0     ; 0     ; 0     ; 1     ;
; st.s6 ; 0     ; 0     ; 0     ; 1     ; 0     ; 0     ; 0     ; 0     ; 0     ; 1     ;
; st.s7 ; 0     ; 0     ; 1     ; 0     ; 0     ; 0     ; 0     ; 0     ; 0     ; 1     ;
; st.s8 ; 0     ; 1     ; 0     ; 0     ; 0     ; 0     ; 0     ; 0     ; 0     ; 1     ;
; st.s9 ; 1     ; 0     ; 0     ; 0     ; 0     ; 0     ; 0     ; 0     ; 0     ; 1     ;
+-------+-------+-------+-------+-------+-------+-------+-------+-------+-------+-------+


Encoding Type:  One-Hot
+-------------------------------------------------------------------------------------------------------------------------------------+
; State Machine - |FPGA_EXP3|seq_gen2:u2|st                                                                                           ;
+--------+--------+--------+--------+--------+--------+-------+-------+-------+-------+-------+-------+-------+-------+-------+-------+
; Name   ; st.S14 ; st.S13 ; st.S12 ; st.S11 ; st.S10 ; st.S9 ; st.S8 ; st.S7 ; st.S6 ; st.S5 ; st.S4 ; st.S3 ; st.S2 ; st.S1 ; st.S0 ;
+--------+--------+--------+--------+--------+--------+-------+-------+-------+-------+-------+-------+-------+-------+-------+-------+
; st.S0  ; 0      ; 0      ; 0      ; 0      ; 0      ; 0     ; 0     ; 0     ; 0     ; 0     ; 0     ; 0     ; 0     ; 0     ; 0     ;
; st.S1  ; 0      ; 0      ; 0      ; 0      ; 0      ; 0     ; 0     ; 0     ; 0     ; 0     ; 0     ; 0     ; 0     ; 1     ; 1     ;
; st.S2  ; 0      ; 0      ; 0      ; 0      ; 0      ; 0     ; 0     ; 0     ; 0     ; 0     ; 0     ; 0     ; 1     ; 0     ; 1     ;
; st.S3  ; 0      ; 0      ; 0      ; 0      ; 0      ; 0     ; 0     ; 0     ; 0     ; 0     ; 0     ; 1     ; 0     ; 0     ; 1     ;
; st.S4  ; 0      ; 0      ; 0      ; 0      ; 0      ; 0     ; 0     ; 0     ; 0     ; 0     ; 1     ; 0     ; 0     ; 0     ; 1     ;
; st.S5  ; 0      ; 0      ; 0      ; 0      ; 0      ; 0     ; 0     ; 0     ; 0     ; 1     ; 0     ; 0     ; 0     ; 0     ; 1     ;
; st.S6  ; 0      ; 0      ; 0      ; 0      ; 0      ; 0     ; 0     ; 0     ; 1     ; 0     ; 0     ; 0     ; 0     ; 0     ; 1     ;
; st.S7  ; 0      ; 0      ; 0      ; 0      ; 0      ; 0     ; 0     ; 1     ; 0     ; 0     ; 0     ; 0     ; 0     ; 0     ; 1     ;
; st.S8  ; 0      ; 0      ; 0      ; 0      ; 0      ; 0     ; 1     ; 0     ; 0     ; 0     ; 0     ; 0     ; 0     ; 0     ; 1     ;
; st.S9  ; 0      ; 0      ; 0      ; 0      ; 0      ; 1     ; 0     ; 0     ; 0     ; 0     ; 0     ; 0     ; 0     ; 0     ; 1     ;
; st.S10 ; 0      ; 0      ; 0      ; 0      ; 1      ; 0     ; 0     ; 0     ; 0     ; 0     ; 0     ; 0     ; 0     ; 0     ; 1     ;
; st.S11 ; 0      ; 0      ; 0      ; 1      ; 0      ; 0     ; 0     ; 0     ; 0     ; 0     ; 0     ; 0     ; 0     ; 0     ; 1     ;
; st.S12 ; 0      ; 0      ; 1      ; 0      ; 0      ; 0     ; 0     ; 0     ; 0     ; 0     ; 0     ; 0     ; 0     ; 0     ; 1     ;
; st.S13 ; 0      ; 1      ; 0      ; 0      ; 0      ; 0     ; 0     ; 0     ; 0     ; 0     ; 0     ; 0     ; 0     ; 0     ; 1     ;
; st.S14 ; 1      ; 0      ; 0      ; 0      ; 0      ; 0     ; 0     ; 0     ; 0     ; 0     ; 0     ; 0     ; 0     ; 0     ; 1     ;
+--------+--------+--------+--------+--------+--------+-------+-------+-------+-------+-------+-------+-------+-------+-------+-------+


Encoding Type:  One-Hot
+-------------------------------------------------------------------------------------------------------------------------------------+
; State Machine - |FPGA_EXP3|seq_gen1:u1|st                                                                                           ;
+--------+--------+--------+--------+--------+--------+-------+-------+-------+-------+-------+-------+-------+-------+-------+-------+
; Name   ; st.S14 ; st.S13 ; st.S12 ; st.S11 ; st.S10 ; st.S9 ; st.S8 ; st.S7 ; st.S6 ; st.S5 ; st.S4 ; st.S3 ; st.S2 ; st.S1 ; st.S0 ;
+--------+--------+--------+--------+--------+--------+-------+-------+-------+-------+-------+-------+-------+-------+-------+-------+
; st.S0  ; 0      ; 0      ; 0      ; 0      ; 0      ; 0     ; 0     ; 0     ; 0     ; 0     ; 0     ; 0     ; 0     ; 0     ; 0     ;
; st.S1  ; 0      ; 0      ; 0      ; 0      ; 0      ; 0     ; 0     ; 0     ; 0     ; 0     ; 0     ; 0     ; 0     ; 1     ; 1     ;
; st.S2  ; 0      ; 0      ; 0      ; 0      ; 0      ; 0     ; 0     ; 0     ; 0     ; 0     ; 0     ; 0     ; 1     ; 0     ; 1     ;
; st.S3  ; 0      ; 0      ; 0      ; 0      ; 0      ; 0     ; 0     ; 0     ; 0     ; 0     ; 0     ; 1     ; 0     ; 0     ; 1     ;
; st.S4  ; 0      ; 0      ; 0      ; 0      ; 0      ; 0     ; 0     ; 0     ; 0     ; 0     ; 1     ; 0     ; 0     ; 0     ; 1     ;
; st.S5  ; 0      ; 0      ; 0      ; 0      ; 0      ; 0     ; 0     ; 0     ; 0     ; 1     ; 0     ; 0     ; 0     ; 0     ; 1     ;
; st.S6  ; 0      ; 0      ; 0      ; 0      ; 0      ; 0     ; 0     ; 0     ; 1     ; 0     ; 0     ; 0     ; 0     ; 0     ; 1     ;
; st.S7  ; 0      ; 0      ; 0      ; 0      ; 0      ; 0     ; 0     ; 1     ; 0     ; 0     ; 0     ; 0     ; 0     ; 0     ; 1     ;
; st.S8  ; 0      ; 0      ; 0      ; 0      ; 0      ; 0     ; 1     ; 0     ; 0     ; 0     ; 0     ; 0     ; 0     ; 0     ; 1     ;
; st.S9  ; 0      ; 0      ; 0      ; 0      ; 0      ; 1     ; 0     ; 0     ; 0     ; 0     ; 0     ; 0     ; 0     ; 0     ; 1     ;
; st.S10 ; 0      ; 0      ; 0      ; 0      ; 1      ; 0     ; 0     ; 0     ; 0     ; 0     ; 0     ; 0     ; 0     ; 0     ; 1     ;
; st.S11 ; 0      ; 0      ; 0      ; 1      ; 0      ; 0     ; 0     ; 0     ; 0     ; 0     ; 0     ; 0     ; 0     ; 0     ; 1     ;
; st.S12 ; 0      ; 0      ; 1      ; 0      ; 0      ; 0     ; 0     ; 0     ; 0     ; 0     ; 0     ; 0     ; 0     ; 0     ; 1     ;
; st.S13 ; 0      ; 1      ; 0      ; 0      ; 0      ; 0     ; 0     ; 0     ; 0     ; 0     ; 0     ; 0     ; 0     ; 0     ; 1     ;
; st.S14 ; 1      ; 0      ; 0      ; 0      ; 0      ; 0     ; 0     ; 0     ; 0     ; 0     ; 0     ; 0     ; 0     ; 0     ; 1     ;
+--------+--------+--------+--------+--------+--------+-------+-------+-------+-------+-------+-------+-------+-------+-------+-------+


+-------------------------------------------------------------------------+
; Registers Removed During Synthesis                                      ;
+----------------------------------------+--------------------------------+
; Register name                          ; Reason for Removal             ;
+----------------------------------------+--------------------------------+
; seq_gen2:u2|st.S12                     ; Merged with seq_gen1:u1|st.S12 ;
; seq_gen2:u2|st.S13                     ; Merged with seq_gen1:u1|st.S13 ;
; seq_gen2:u2|st.S11                     ; Merged with seq_gen1:u1|st.S11 ;
; seq_gen2:u2|st.S10                     ; Merged with seq_gen1:u1|st.S10 ;
; seq_gen2:u2|st.S9                      ; Merged with seq_gen1:u1|st.S9  ;
; seq_gen2:u2|st.S8                      ; Merged with seq_gen1:u1|st.S8  ;
; seq_gen2:u2|st.S7                      ; Merged with seq_gen1:u1|st.S7  ;
; seq_gen2:u2|st.S6                      ; Merged with seq_gen1:u1|st.S6  ;
; seq_gen2:u2|st.S5                      ; Merged with seq_gen1:u1|st.S5  ;
; seq_gen2:u2|st.S4                      ; Merged with seq_gen1:u1|st.S4  ;
; seq_gen2:u2|st.S3                      ; Merged with seq_gen1:u1|st.S3  ;
; seq_gen2:u2|st.S2                      ; Merged with seq_gen1:u1|st.S2  ;
; seq_gen2:u2|st.S1                      ; Merged with seq_gen1:u1|st.S1  ;
; seq_gen2:u2|st.S0                      ; Merged with seq_gen1:u1|st.S0  ;
; seq_gen2:u2|st.S14                     ; Merged with seq_gen1:u1|st.S14 ;
; Total Number of Removed Registers = 15 ;                                ;
+----------------------------------------+--------------------------------+


+------------------------------------------------------+
; General Register Statistics                          ;
+----------------------------------------------+-------+
; Statistic                                    ; Value ;
+----------------------------------------------+-------+
; Total registers                              ; 51    ;
; Number of registers using Synchronous Clear  ; 25    ;
; Number of registers using Synchronous Load   ; 0     ;
; Number of registers using Asynchronous Clear ; 25    ;
; Number of registers using Asynchronous Load  ; 0     ;
; Number of registers using Clock Enable       ; 0     ;
; Number of registers using Preset             ; 0     ;
+----------------------------------------------+-------+


+-------------------------------+
; Elapsed Time Per Partition    ;
+----------------+--------------+
; Partition Name ; Elapsed Time ;
+----------------+--------------+
; Top            ; 00:00:00     ;
+----------------+--------------+


+-------------------------------+
; Analysis & Synthesis Messages ;
+-------------------------------+
Info: *******************************************************************
Info: Running Quartus II 64-Bit Analysis & Synthesis
    Info: Version 13.0.1 Build 232 06/12/2013 Service Pack 1 SJ Full Version
    Info: Processing started: Fri Oct 14 16:35:58 2022
Info: Command: quartus_map --read_settings_files=on --write_settings_files=off FPGA_EXP3 -c FPGA_EXP3
Info (11104): Parallel Compilation has detected 8 hyper-threaded processors. However, the extra hyper-threaded processors will not be used by default. Parallel Compilation will use 4 of the 4 physical processors detected instead.
Info (12021): Found 2 design units, including 1 entities, in source file seq_gen1.vhd
    Info (12022): Found design unit 1: seq_gen1-arch_gen1
    Info (12023): Found entity 1: seq_gen1
Info (12021): Found 2 design units, including 1 entities, in source file seq_gen2.vhd
    Info (12022): Found design unit 1: seq_gen2-arch_gen2
    Info (12023): Found entity 1: seq_gen2
Info (12021): Found 2 design units, including 1 entities, in source file selector.vhd
    Info (12022): Found design unit 1: selector-arch_select
    Info (12023): Found entity 1: selector
Info (12021): Found 2 design units, including 1 entities, in source file seq_detector.vhd
    Info (12022): Found design unit 1: seq_detector-arch_seq_detector
    Info (12023): Found entity 1: seq_detector
Info (12021): Found 2 design units, including 1 entities, in source file fpga_exp3.vhd
    Info (12022): Found design unit 1: FPGA_EXP3-arch_FPGA_EXP3
    Info (12023): Found entity 1: FPGA_EXP3
Info (12021): Found 2 design units, including 1 entities, in source file fd.vhd
    Info (12022): Found design unit 1: FD-arch_FD
    Info (12023): Found entity 1: FD
Info (12021): Found 2 design units, including 1 entities, in source file fpga_exp3_tb.vhd
    Info (12022): Found design unit 1: FPGA_EXP3_tb-arch_FPGA_EXP3_tb
    Info (12023): Found entity 1: FPGA_EXP3_tb
Info (12021): Found 2 design units, including 1 entities, in source file seq_gen1_tb.vhd
    Info (12022): Found design unit 1: seq_gen1_tb-arch_seq_gen1_tb
    Info (12023): Found entity 1: seq_gen1_tb
Info (12021): Found 2 design units, including 1 entities, in source file seq_gen2_tb.vhd
    Info (12022): Found design unit 1: seq_gen2_tb-arch_seq_gen2_tb
    Info (12023): Found entity 1: seq_gen2_tb
Info (12021): Found 2 design units, including 1 entities, in source file fd_tb.vhd
    Info (12022): Found design unit 1: FD_tb-arch_FD_tb
    Info (12023): Found entity 1: FD_tb
Info (12127): Elaborating entity "FPGA_EXP3" for the top level hierarchy
Info (12128): Elaborating entity "seq_gen1" for hierarchy "seq_gen1:u1"
Info (12128): Elaborating entity "seq_gen2" for hierarchy "seq_gen2:u2"
Info (12128): Elaborating entity "selector" for hierarchy "selector:u3"
Info (12128): Elaborating entity "seq_detector" for hierarchy "seq_detector:u4"
Info (12128): Elaborating entity "FD" for hierarchy "FD:u5"
Info (286030): Timing-Driven Synthesis is running
Info (16010): Generating hard_block partition "hard_block:auto_generated_inst"
    Info (16011): Adding 0 node(s), including 0 DDIO, 0 PLL, 0 transceiver and 0 LCELL
Info (21057): Implemented 73 device resources after synthesis - the final resource count might be different
    Info (21058): Implemented 3 input pins
    Info (21059): Implemented 2 output pins
    Info (21061): Implemented 68 logic cells
Info: Quartus II 64-Bit Analysis & Synthesis was successful. 0 errors, 0 warnings
    Info: Peak virtual memory: 4689 megabytes
    Info: Processing ended: Fri Oct 14 16:36:00 2022
    Info: Elapsed time: 00:00:02
    Info: Total CPU time (on all processors): 00:00:02


